[0315/152734.433:WARNING:backend_impl.cc(1616)] Messed up entry found.
[0315/152735.507:WARNING:backend_impl.cc(1837)] Destroying invalid entry.
[0315/152735.507:WARNING:backend_impl.cc(1837)] Destroying invalid entry.
[0315/152735.832:ERROR:backend_impl.cc(1041)] Critical error found -8
[0315/152735.832:WARNING:storage_block-inl.h(146)] Failed data load.
[0315/152735.835:WARNING:storage_block-inl.h(146)] Failed data load.
[0315/152735.835:WARNING:storage_block-inl.h(146)] Failed data load.
[0315/152735.835:WARNING:storage_block-inl.h(146)] Failed data load.
[0315/152735.835:ERROR:entry_impl.cc(1075)] No file for c103000e
[0315/152735.838:WARNING:storage_block-inl.h(146)] Failed data load.
[0315/152736.135:WARNING:storage_block-inl.h(146)] Failed data load.
[0315/152736.135:WARNING:storage_block-inl.h(146)] Failed data load.
[0315/152736.136:WARNING:storage_block-inl.h(146)] Failed data load.
[0315/152736.136:WARNING:storage_block-inl.h(146)] Failed data load.
[0315/152736.136:WARNING:storage_block-inl.h(146)] Failed data load.
[0315/152736.136:WARNING:storage_block-inl.h(146)] Failed data load.
[0315/152736.136:WARNING:storage_block-inl.h(146)] Failed data load.
[0315/152736.136:WARNING:storage_block-inl.h(146)] Failed data load.
[0315/152736.138:WARNING:storage_block-inl.h(146)] Failed data load.
[0315/152736.138:WARNING:storage_block-inl.h(146)] Failed data load.
[0315/152736.141:WARNING:storage_block-inl.h(146)] Failed data load.
[0315/152736.141:WARNING:storage_block-inl.h(146)] Failed data load.
[0315/152736.142:WARNING:storage_block-inl.h(146)] Failed data load.
[0315/152736.142:WARNING:storage_block-inl.h(146)] Failed data load.
[0315/152736.142:WARNING:storage_block-inl.h(146)] Failed data load.
[0315/152736.142:WARNING:storage_block-inl.h(146)] Failed data load.
[0315/152736.145:WARNING:storage_block-inl.h(146)] Failed data load.
[0315/152736.145:WARNING:storage_block-inl.h(146)] Failed data load.
[0315/152736.146:ERROR:entry_impl.cc(998)] Failed to save user data
[0315/152736.190:ERROR:entry_impl.cc(998)] Failed to save user data
[0315/152931.523:ERROR:gpu_init.cc(426)] Passthrough is not supported, GL is disabled
